<?xml version="1.0" encoding="UTF-8"?>
<!-- Generated by org.testng.reporters.JUnitXMLReporter -->
<testsuite ignored="0" hostname="DESKTOP-JNM1QD6" failures="0" tests="4" name="Test Delete" time="0.122" errors="0" timestamp="2020-01-25T22:34:14 MSK">
  <testcase classname="testSuiteRest.TestRestRemove" name="testRestInsertNegative" time="0.011"/>
  <testcase classname="testSuiteRest.TestRestRemove" name="testRestInsertNegative" time="0.013"/>
  <testcase classname="testSuiteRest.TestRestRemove" name="testRestRemove" time="0.012"/>
  <testcase classname="testSuiteRest.TestRestRemove" name="testRestRemove" time="0.026"/>
</testsuite> <!-- Test Delete -->
