<?xml version="1.0" encoding="UTF-8"?>
<!-- Generated by org.testng.reporters.JUnitXMLReporter -->
<testsuite ignored="0" hostname="DESKTOP-JNM1QD6" failures="0" tests="3" name="Test GetAll" time="0.07" errors="0" timestamp="2020-01-25T22:34:14 MSK">
  <testcase classname="testSuiteRest.TestRestGetAll" name="testRestGetAll" time="0.01"/>
  <testcase classname="testSuiteRest.TestRestGetAll" name="testRestGetAll" time="0.028"/>
  <testcase classname="testSuiteRest.TestRestGetAll" name="testRestInsertNegative" time="0.016"/>
</testsuite> <!-- Test GetAll -->
