<?xml version="1.0" encoding="UTF-8"?>
<!-- Generated by org.testng.reporters.JUnitXMLReporter -->
<testsuite ignored="2" hostname="DESKTOP-JNM1QD6" failures="0" tests="10" name="Test Authorization" time="1.726" errors="0" timestamp="2020-01-25T22:34:13 MSK">
  <testcase classname="testSuiteRest.TestRestLogin" name="testLoginRest" time="1.266"/>
  <testcase classname="testSuiteRest.TestRestLogin" name="testLoginRest" time="0.028"/>
  <testcase classname="testSuiteRest.TestRestLogin" name="testLoginRest" time="0.02"/>
  <testcase classname="testSuiteRest.TestRestLogin" name="testLoginRest" time="0.058"/>
  <testcase classname="testSuiteRest.TestRestLogin" name="testLoginRest" time="0.011"/>
  <testcase classname="testSuiteRest.TestRestLogin" name="testLoginRest" time="0.04"/>
  <testcase classname="testSuiteRest.TestRestLogin" name="testLoginRest" time="0.006"/>
  <testcase classname="testSuiteRest.TestRestLogin" name="testLoginRest" time="0.052"/>
  <testcase classname="testSuiteRest.TestRestLogout" name="testRestLogout" time="0.069"/>
  <testcase classname="testSuiteRest.TestRestLogout" name="testRestLogout" time="0.033"/>
  <testcase classname="testSuiteRest.BaseRestTest" name="@BeforeSuite openConnection" time="0.0">
    <ignored/>
  </testcase> <!-- @BeforeSuite openConnection -->
  <testcase classname="testSuiteRest.BaseRestTest" name="@AfterSuite closeConnection" time="0.0">
    <ignored/>
  </testcase> <!-- @AfterSuite closeConnection -->
</testsuite> <!-- Test Authorization -->
