<?xml version="1.0" encoding="UTF-8"?>
<!-- Generated by org.testng.reporters.JUnitXMLReporter -->
<testsuite ignored="2" hostname="DESKTOP-JNM1QD6" failures="0" tests="10" name="Test Authorization" time="25.942" errors="0" timestamp="2020-01-25T22:34:49 MSK">
  <testcase classname="testSuiteUi.TestUiLogin" name="testLogin" time="2.236"/>
  <testcase classname="testSuiteUi.TestUiLogin" name="testLogin" time="2.165"/>
  <testcase classname="testSuiteUi.TestUiLogin" name="testLogin" time="2.164"/>
  <testcase classname="testSuiteUi.TestUiLogin" name="testLogin" time="2.163"/>
  <testcase classname="testSuiteUi.TestUiLogin" name="testLogin" time="2.165"/>
  <testcase classname="testSuiteUi.TestUiLogin" name="testLogin" time="2.124"/>
  <testcase classname="testSuiteUi.TestUiLogin" name="testLogin" time="2.106"/>
  <testcase classname="testSuiteUi.TestUiLogin" name="testLogin" time="2.124"/>
  <testcase classname="testSuiteUi.TestUiLogout" name="testLogoutUi" time="3.197"/>
  <testcase classname="testSuiteUi.TestUiLogout" name="testLogoutUi" time="3.256"/>
  <testcase classname="testSuiteUi.BaseUiTest" name="@AfterSuite closeConnection" time="0.0">
    <ignored/>
  </testcase> <!-- @AfterSuite closeConnection -->
  <testcase classname="testSuiteUi.BaseUiTest" name="@BeforeSuite openConnection" time="0.0">
    <ignored/>
  </testcase> <!-- @BeforeSuite openConnection -->
</testsuite> <!-- Test Authorization -->
