<?xml version="1.0" encoding="UTF-8"?>
<!-- Generated by org.testng.reporters.JUnitXMLReporter -->
<testsuite ignored="0" hostname="DESKTOP-JNM1QD6" failures="0" tests="4" name="Test Insert" time="17.571" errors="0" timestamp="2020-01-25T22:35:07 MSK">
  <testcase classname="testSuiteUi.TestUiInsert" name="testNegativeInsertUi" time="3.255"/>
  <testcase classname="testSuiteUi.TestUiInsert" name="testNegativeInsertUi" time="3.459"/>
  <testcase classname="testSuiteUi.TestUiInsert" name="testPositiveInsertUi" time="3.276"/>
  <testcase classname="testSuiteUi.TestUiInsert" name="testPositiveInsertUi" time="3.381"/>
</testsuite> <!-- Test Insert -->
