<?xml version="1.0" encoding="UTF-8"?>
<testsuite xmlns:xsi="http://www.w3.org/2001/XMLSchema-instance" xsi:noNamespaceSchemaLocation="https://maven.apache.org/surefire/maven-surefire-plugin/xsd/surefire-test-report.xsd" name="TestSuite" time="65.565" tests="37" errors="0" skipped="0" failures="0">
  <properties>
[...]
</properties>
  <testcase name="testLoginRest" classname="testSuiteRest.TestRestLogin" time="1.268"/>
  <testcase name="testLoginRest" classname="testSuiteRest.TestRestLogin" time="0.029"/>
  <testcase name="testLoginRest" classname="testSuiteRest.TestRestLogin" time="0.02"/>
  <testcase name="testLoginRest" classname="testSuiteRest.TestRestLogin" time="0.058"/>
  <testcase name="testLoginRest" classname="testSuiteRest.TestRestLogin" time="0.011"/>
  <testcase name="testLoginRest" classname="testSuiteRest.TestRestLogin" time="0.04"/>
  <testcase name="testLoginRest" classname="testSuiteRest.TestRestLogin" time="0.006"/>
  <testcase name="testLoginRest" classname="testSuiteRest.TestRestLogin" time="0.051"/>
  <testcase name="testRestLogout" classname="testSuiteRest.TestRestLogout" time="0.068"/>
  <testcase name="testRestLogout" classname="testSuiteRest.TestRestLogout" time="0.034"/>
  <testcase name="testRestInsertNegative" classname="testSuiteRest.TestRestInsert" time="0.172"/>
  <testcase name="testRestInsertNegative" classname="testSuiteRest.TestRestInsert" time="0.013"/>
  <testcase name="testRestInsertPositive" classname="testSuiteRest.TestRestInsert" time="0.029"/>
  <testcase name="testRestInsertPositive" classname="testSuiteRest.TestRestInsert" time="0.017"/>
  <testcase name="testRestInsertNegative" classname="testSuiteRest.TestRestRemove" time="0.011"/>
  <testcase name="testRestInsertNegative" classname="testSuiteRest.TestRestRemove" time="0.013"/>
  <testcase name="testRestRemove" classname="testSuiteRest.TestRestRemove" time="0.011"/>
  <testcase name="testRestRemove" classname="testSuiteRest.TestRestRemove" time="0.025"/>
  <testcase name="testRestGetAll" classname="testSuiteRest.TestRestGetAll" time="0.011"/>
  <testcase name="testRestGetAll" classname="testSuiteRest.TestRestGetAll" time="0.029"/>
  <testcase name="testRestInsertNegative" classname="testSuiteRest.TestRestGetAll" time="0.016"/>
  <testcase name="testLogin" classname="testSuiteUi.TestUiLogin" time="2.236"/>
  <testcase name="testLogin" classname="testSuiteUi.TestUiLogin" time="2.164"/>
  <testcase name="testLogin" classname="testSuiteUi.TestUiLogin" time="2.163"/>
  <testcase name="testLogin" classname="testSuiteUi.TestUiLogin" time="2.164"/>
  <testcase name="testLogin" classname="testSuiteUi.TestUiLogin" time="2.165"/>
  <testcase name="testLogin" classname="testSuiteUi.TestUiLogin" time="2.124"/>
  <testcase name="testLogin" classname="testSuiteUi.TestUiLogin" time="2.106"/>
  <testcase name="testLogin" classname="testSuiteUi.TestUiLogin" time="2.124"/>
  <testcase name="testLogoutUi" classname="testSuiteUi.TestUiLogout" time="3.198"/>
  <testcase name="testLogoutUi" classname="testSuiteUi.TestUiLogout" time="3.256"/>
  <testcase name="testNegativeInsertUi" classname="testSuiteUi.TestUiInsert" time="3.255"/>
  <testcase name="testNegativeInsertUi" classname="testSuiteUi.TestUiInsert" time="3.46"/>
  <testcase name="testPositiveInsertUi" classname="testSuiteUi.TestUiInsert" time="3.276"/>
  <testcase name="testPositiveInsertUi" classname="testSuiteUi.TestUiInsert" time="3.382"/>
  <testcase name="testPositiveRemoveUi" classname="testSuiteUi.TestUiRemove" time="3.317"/>
  <testcase name="testPositiveRemoveUi" classname="testSuiteUi.TestUiRemove" time="3.25"/>
</testsuite>